<?xml version="1.0" encoding="UTF-8"?>
<testsuite name="Consulta de saldo cuenta de ahorros en la app Davivienda Col" tests="1" skipped="0" failures="0" errors="0" timestamp="2020-02-26T17:04:22" hostname="QVT1MDEWIN11" time="68.955">
  <properties/>
  <testcase name="Consulta de saldo cuenta de ahorros" classname="Consulta de saldo cuenta de ahorros en la app Davivienda Col" time="68.955"/>
  <system-out><![CDATA[]]></system-out>
  <system-err><![CDATA[feb 26, 2020 12:04:45 PM io.appium.java_client.remote.AppiumCommandExecutor$1 lambda$0
INFORMACIÓN: Detected dialect: W3C
[Test worker] INFO net.thucydides.core.steps.ConsoleLoggingListener - 
        __    _____ _____ ____ _____   ____   _    ____  ____  _____ ____  
  _     \ \  |_   _| ____/ ___|_   _| |  _ \ / \  / ___|/ ___|| ____|  _ \ 
 (_)_____| |   | | |  _| \___ \ | |   | |_) / _ \ \___ \\___ \|  _| | | | |
  _|_____| |   | | | |___ ___) || |   |  __/ ___ \ ___) |___) | |___| |_| |
 (_)     | |   |_| |_____|____/ |_|   |_| /_/   \_\____/|____/|_____|____/ 
        /_/                                                                

TEST PASSED: Consulta de saldo cuenta de ahorros
----------------------------------------------------------------------------
]]></system-err>
</testsuite>
